<?xml version="1.0" encoding="UTF-8"?>
<!-- Generated by org.testng.reporters.JUnitXMLReporter -->
<testsuite ignored="0" hostname="DESKTOP-MMML4MB" failures="0" tests="5" name="Test" time="31.187" errors="0" timestamp="2022-03-02T16:08:37 IST">
  <testcase classname="test.VerifySearch" name="Search" time="8.655"/>
  <testcase classname="test.VerifySearch" name="Select" time="0.195"/>
  <testcase classname="test.VerifySearch" name="Product" time="5.656"/>
  <testcase classname="test.VerifySearch" name="Cart" time="12.601"/>
  <testcase classname="test.VerifySearch" name="Checkout" time="1.652"/>
</testsuite> <!-- Test -->
